[2020-03-21 11:54:23] Server -> Welcome to the LPGP official client authentication server.
Please send us your client information in the LPGP documents content format.
Example: '192/168/0/11/98'[2020-03-21 11:54:50] Server -> Welcome to the LPGP official client authentication server.
Please send us your client information in the LPGP documents content format.
Example: '192/168/0/11/98'[2020-03-23 14:11:20] Server -> Welcome to the LPGP official client authentication server.
Please send us your client information in the LPGP documents content format.
Example: '192/168/0/11/98'[2020-03-23 14:11:20] Client -> 123/34/67/108/105/101/110/116/34/58/34/116/101/115/116/101/34/44/34/80/114/111/112/114/105/101/116/97/114/121/34/58/34/49/50/34/44/34/84/111/107/101/110/34/58/34/54/52/52/53/52/34/44/34/68/116/34/58/34/50/48/50/48/45/48/51/45/50/51/32/49/51/58/48/50/58/51/49/34/125[2020-03-23 14:11:21] Server -> 1Access: /client_normal[2020-03-23 14:12:14] Server -> Welcome to the LPGP official client authentication server.
Please send us your client information in the LPGP documents content format.
Example: '192/168/0/11/98'[2020-03-23 14:12:14] Client -> 23/34/67/108/105/101/110/116/34/58/34/116/101/115/116/101/34/44/34/80/114/111/112/114/105/101/116/97/114/121/34/58/34/49/50/34/44/34/84/111/107/101/110/34/58/34/54/52/52/53/52/34/44/34/68/116/34/58/34/50/48/50/48/45/48/51/45/50/51/32/49/51/58/48/50/58/51/49/34/125
[2020-03-23 17:14:34] Server -> Welcome to the LPGP official client authentication server.
Please send us your client information in the LPGP documents content format.
Example: '192/168/0/11/98'[2020-03-23 17:14:34] Client -> 23/34/67/108/105/101/110/116/34/58/34/116/101/115/116/101/34/44/34/80/114/111/112/114/105/101/116/97/114/121/34/58/34/49/50/34/44/34/84/111/107/101/110/34/58/34/54/52/52/53/52/34/44/34/68/116/34/58/34/50/48/50/48/45/48/51/45/50/51/32/49/51/58/48/50/58/51/49/34/125
[2020-03-23 17:17:54] Server -> Welcome to the LPGP official client authentication server.
Please send us your client information in the LPGP documents content format.
Example: '192/168/0/11/98'[2020-03-23 17:17:54] Client -> 23/34/67/108/105/101/110/116/34/58/34/116/101/115/116/101/34/44/34/80/114/111/112/114/105/101/116/97/114/121/34/58/34/49/50/34/44/34/84/111/107/101/110/34/58/34/54/52/52/53/52/34/44/34/68/116/34/58/34/50/48/50/48/45/48/51/45/50/51/32/49/51/58/48/50/58/51/49/34/125
[2020-03-23 18:37:51] Server -> Welcome to the LPGP official client authentication server.
Please send us your client information in the LPGP documents content format.
Example: '192/168/0/11/98'[2020-03-23 18:37:51] Client -> 23/34/67/108/105/101/110/116/34/58/34/116/101/115/116/101/34/44/34/80/114/111/112/114/105/101/116/97/114/121/34/58/34/49/50/34/44/34/84/111/107/101/110/34/58/34/54/52/52/53/52/34/44/34/68/116/34/58/34/50/48/50/48/45/48/51/45/50/51/32/49/51/58/48/50/58/51/49/34/125
[2020-03-23 18:39:23] Server -> Welcome to the LPGP official client authentication server.
Please send us your client information in the LPGP documents content format.
Example: '192/168/0/11/98'[2020-03-23 18:39:23] Client -> 23/34/67/108/105/101/110/116/34/58/34/116/101/115/116/101/34/44/34/80/114/111/112/114/105/101/116/97/114/121/34/58/34/49/50/34/44/34/84/111/107/101/110/34/58/34/54/52/52/53/52/34/44/34/68/116/34/58/34/50/48/50/48/45/48/51/45/50/51/32/49/51/58/48/50/58/51/49/34/125

[2020-Mar-23 18:39:23] Closing socket.[2020-03-23 18:44:14] Server -> Welcome to the LPGP official client authentication server.
Please send us your client information in the LPGP documents content format.
Example: '192/168/0/11/98'[2020-03-23 18:44:14] Client -> 23/34/67/108/105/101/110/116/34/58/34/116/101/115/116/101/34/44/34/80/114/111/112/114/105/101/116/97/114/121/34/58/34/49/50/34/44/34/84/111/107/101/110/34/58/34/54/52/52/53/52/34/44/34/68/116/34/58/34/50/48/50/48/45/48/51/45/50/51/32/49/51/58/48/50/58/51/49/34/125

[2020-Mar-23 18:44:14] Closing socket.[2020-03-23 18:45:42] Server -> Welcome to the LPGP official client authentication server.
Please send us your client information in the LPGP documents content format.
Example: '192/168/0/11/98'[2020-03-23 18:45:42] Client -> 23/34/67/108/105/101/110/116/34/58/34/116/101/115/116/101/34/44/34/80/114/111/112/114/105/101/116/97/114/121/34/58/34/49/50/34/44/34/84/111/107/101/110/34/58/34/54/52/52/53/52/34/44/34/68/116/34/58/34/50/48/50/48/45/48/51/45/50/51/32/49/51/58/48/50/58/51/49/34/125
[2020-03-23 18:54:58] Server -> Welcome to the LPGP official client authentication server.
Please send us your client information in the LPGP documents content format.
Example: '192/168/0/11/98'[2020-03-23 18:54:58] Client -> 23/34/67/108/105/101/110/116/34/58/34/116/101/115/116/101/34/44/34/80/114/111/112/114/105/101/116/97/114/121/34/58/34/49/50/34/44/34/84/111/107/101/110/34/58/34/54/52/52/53/52/34/44/34/68/116/34/58/34/50/48/50/48/45/48/51/45/50/51/32/49/51/58/48/50/58/51/49/34/125
[2020-03-23 18:56:51] Server -> Welcome to the LPGP official client authentication server.
Please send us your client information in the LPGP documents content format.
Example: '192/168/0/11/98'[2020-03-23 18:56:51] Client -> 123/34/67/108/105/101/110/116/34/58/34/116/101/115/116/101/34/44/34/80/114/111/112/114/105/101/116/97/114/121/34/58/34/49/50/34/44/34/84/111/107/101/110/34/58/34/54/52/52/53/52/34/44/34/68/116/34/58/34/50/48/50/48/45/48/51/45/50/51/32/49/51/58/48/50/58/51/49/34/125
[2020-03-23 18:56:52] Server -> teste12644542020-03-23 13:02:31[2020-03-23 18:56:53] Server -> 1Access: /client_normal[2020-03-23 19:17:42] Server -> Welcome to the LPGP official client authentication server.
Please send us your client information in the LPGP documents content format.
Example: '192/168/0/11/98'[2020-03-23 19:17:42] Client -> 123/34/67/108/105/101/110/116/34/58/34/116/101/115/116/101/34/44/34/80/114/111/112/114/105/101/116/97/114/121/34/58/34/49/50/34/44/34/84/111/107/101/110/34/58/34/54/52/52/53/52/34/44/34/68/116/34/58/34/50/48/50/48/45/48/51/45/50/51/32/49/51/58/48/50/58/51/49/34/125
[2020-03-23 19:17:43] Server -> 1/Access: /client_normal[2020-03-23 19:18:53] Server -> Welcome to the LPGP official client authentication server.
Please send us your client information in the LPGP documents content format.
Example: '192/168/0/11/98'[2020-03-23 19:18:53] Client -> 123/34/67/108/105/101/110/116/34/58/34/116/101/115/116/101/34/44/34/80/114/111/112/114/105/101/116/97/114/121/34/58/34/49/50/34/44/34/84/111/107/101/110/34/58/34/54/52/52/53/52/34/44/34/68/116/34/58/34/50/48/50/48/45/48/51/45/50/51/32/49/51/58/48/50/58/51/49/34/125
[2020-03-23 19:18:53] Server -> 0/Access: /client_normal[2020-03-23 19:21:25] Server -> Welcome to the LPGP official client authentication server.
Please send us your client information in the LPGP documents content format.
Example: '192/168/0/11/98'[2020-03-23 19:21:25] Client -> 123/34/67/108/105/101/110/116/34/58/34/116/101/115/116/101/34/44/34/80/114/111/112/114/105/101/116/97/114/121/34/58/34/49/50/34/44/34/84/111/107/101/110/34/58/34/54/52/52/53/52/34/44/34/68/116/34/58/34/50/48/50/48/45/48/51/45/50/51/32/49/51/58/48/50/58/51/49/34/125
[2020-03-23 19:21:25] Server -> 0/Access: /client_normal[2020-03-23 19:24:14] Server -> Welcome to the LPGP official client authentication server.
Please send us your client information in the LPGP documents content format.
Example: '192/168/0/11/98'[2020-03-23 19:24:14] Client -> 123/34/67/108/105/101/110/116/34/58/34/116/101/115/116/101/34/44/34/80/114/111/112/114/105/101/116/97/114/121/34/58/34/49/50/34/44/34/84/111/107/101/110/34/58/34/54/52/52/53/52/34/44/34/68/116/34/58/34/50/48/50/48/45/48/51/45/50/51/32/49/51/58/48/50/58/51/49/34/125
[2020-03-23 19:24:14] Server -> 0/Access: /client_normal[2020-03-23 19:25:58] Server -> Welcome to the LPGP official client authentication server.
Please send us your client information in the LPGP documents content format.
Example: '192/168/0/11/98'[2020-03-23 19:25:58] Client -> 123/34/67/108/105/101/110/116/34/58/34/116/101/115/116/101/34/44/34/80/114/111/112/114/105/101/116/97/114/121/34/58/34/49/50/34/44/34/84/111/107/101/110/34/58/34/54/52/52/53/52/34/44/34/68/116/34/58/34/50/48/50/48/45/48/51/45/50/51/32/49/51/58/48/50/58/51/49/34/125
[2020-03-23 19:25:58] Server -> 0/Access: /client_normal[2020-03-23 19:27:34] Server -> Welcome to the LPGP official client authentication server.
Please send us your client information in the LPGP documents content format.
Example: '192/168/0/11/98'[2020-03-23 19:27:34] Client -> 123/34/67/108/105/101/110/116/34/58/34/116/101/115/116/101/34/44/34/80/114/111/112/114/105/101/116/97/114/121/34/58/34/49/50/34/44/34/84/111/107/101/110/34/58/34/54/52/52/53/52/34/44/34/68/116/34/58/34/50/48/50/48/45/48/51/45/50/51/32/49/51/58/48/50/58/51/49/34/125

[2020-Mar-23 19:27:34] Closing socket.[2020-03-23 19:29:00] Server -> Welcome to the LPGP official client authentication server.
Please send us your client information in the LPGP documents content format.
Example: '192/168/0/11/98'[2020-03-23 19:29:00] Client -> 123/34/67/108/105/101/110/116/34/58/34/116/101/115/116/101/34/44/34/80/114/111/112/114/105/101/116/97/114/121/34/58/34/49/50/34/44/34/84/111/107/101/110/34/58/34/54/52/52/53/52/34/44/34/68/116/34/58/34/50/48/50/48/45/48/51/45/50/51/32/49/51/58/48/50/58/51/49/34/125
[2020-03-23 19:29:00] Server -> 0/Access: /client_normal[2020-03-23 19:37:30] Server -> Welcome to the LPGP official client authentication server.
Please send us your client information in the LPGP documents content format.
Example: '192/168/0/11/98'[2020-03-23 19:37:30] Client -> 123/34/67/108/105/101/110/116/34/58/34/116/101/115/116/101/34/44/34/80/114/111/112/114/105/101/116/97/114/121/34/58/34/49/50/34/44/34/84/111/107/101/110/34/58/34/54/52/52/53/52/34/44/34/68/116/34/58/34/50/48/50/48/45/48/51/45/50/51/32/49/51/58/48/50/58/51/49/34/125
[2020-03-23 19:37:30] Server -> 0[2020-03-25 15:03:10] Server -> Welcome to the LPGP official client authentication server.
Please send us your client information in the LPGP documents content format.
Example: '192/168/0/11/98'[2020-03-25 15:03:10] Client -> lib/auth/auth.lpgp[2020-03-25 15:04:22] Server -> Welcome to the LPGP official client authentication server.
Please send us your client information in the LPGP documents content format.
Example: '192/168/0/11/98'[2020-03-25 15:04:22] Client -> 123/34/67/108/105/101/110/116/34/58/34/116/101/115/116/101/34/44/34/80/114/111/112/114/105/101/116/97/114/121/34/58/34/49/50/34/44/34/84/111/107/101/110/34/58/34/54/52/52/53/52/34/44/34/68/116/34/58/34/50/48/50/48/45/48/51/45/50/51/32/49/51/58/48/50/58/51/49/34/125[2020-03-25 15:04:24] Server -> 1 Access: /client_normal[2020-03-25 15:05:05] Server -> Welcome to the LPGP official client authentication server.
Please send us your client information in the LPGP documents content format.
Example: '192/168/0/11/98'[2020-03-25 15:05:05] Client -> 123/34/67/108/105/101/110/116/34/58/34/116/101/115/116/101/34/44/34/80/114/111/112/114/105/101/116/97/114/121/34/58/34/49/50/34/44/34/84/111/107/101/110/34/58/34/54/52/52/53/52/34/44/34/68/116/34/58/34/50/48/50/48/45/48/51/45/50/51/32/49/51/58/48/50/58/51/49/34/125[2020-03-25 15:05:05] Server -> 1 Access: /client_normal[2020-03-25 15:05:59] Server -> Welcome to the LPGP official client authentication server.
Please send us your client information in the LPGP documents content format.
Example: '192/168/0/11/98'[2020-03-25 15:06:22] Client -> 123/34/67/108/105/101/110/116/34/58/34/116/101/115/116/101/34/44/34/80/114/111/112/114/105/101/116/97/114/121/34/58/34/49/50/34/44/34/84/111/107/101/110/34/58/34/54/52/52/53/52/34/44/34/68/116/34/58/34/50/48/50/48/45/48/51/45/50/51/32/49/51/58/48/50/58/51/49/34/125[2020-03-25 15:06:22] Server -> 1 Access: /client_normal[2020-03-25 15:08:48] Server -> Welcome to the LPGP official client authentication server.
Please send us your client information in the LPGP documents content format.
Example: '192/168/0/11/98'[2020-03-25 15:08:48] Client -> 123/34/67/108/105/101/110/116/34/58/34/116/101/115/116/101/34/44/34/80/114/111/112/114/105/101/116/97/114/121/34/58/34/49/50/34/44/34/84/111/107/101/110/34/58/34/54/52/52/53/52/34/44/34/68/116/34/58/34/50/48/50/48/45/48/51/45/50/51/32/49/51/58/48/50/58/51/49/34/125[2020-03-25 15:08:48] Server -> 1 Access: /client_normal[2020-03-25 15:12:59] Server -> Welcome to the LPGP official client authentication server.
Please send us your client information in the LPGP documents content format.
Example: '192/168/0/11/98'[2020-03-25 15:12:59] Client -> 123/34/67/108/105/101/110/116/34/58/34/116/101/115/116/101/34/44/34/80/114/111/112/114/105/101/116/97/114/121/34/58/34/49/50/34/44/34/84/111/107/101/110/34/58/34/54/52/52/53/52/34/44/34/68/116/34/58/34/50/48/50/48/45/48/51/45/50/51/32/49/51/58/48/50/58/51/49/34/125[2020-03-25 15:13:00] Server -> 1 Access: /client_normal[2020-03-25 15:13:57] Server -> Welcome to the LPGP official client authentication server.
Please send us your client information in the LPGP documents content format.
Example: '192/168/0/11/98'[2020-03-25 15:13:57] Client -> 123/34/67/108/105/101/110/116/34/58/34/116/101/115/116/101/34/44/34/80/114/111/112/114/105/101/116/97/114/121/34/58/34/49/50/34/44/34/84/111/107/101/110/34/58/34/54/52/52/53/52/34/44/34/68/116/34/58/34/50/48/50/48/45/48/51/45/50/51/32/49/51/58/48/50/58/51/49/34/125[2020-03-25 15:13:58] Server -> 1 Access: /client_normal[2020-03-25 15:14:47] Server -> Welcome to the LPGP official client authentication server.
Please send us your client information in the LPGP documents content format.
Example: '192/168/0/11/98'[2020-03-25 15:14:47] Client -> 123/34/67/108/105/101/110/116/34/58/34/116/101/115/116/101/34/44/34/80/114/111/112/114/105/101/116/97/114/121/34/58/34/49/50/34/44/34/84/111/107/101/110/34/58/34/54/52/52/53/52/34/44/34/68/116/34/58/34/50/48/50/48/45/48/51/45/50/51/32/49/51/58/48/50/58/51/49/34/125[2020-03-25 15:14:47] Server -> 1 Access: /client_normal[2020-03-26 15:48:39] Server -> Welcome to the LPGP official client authentication server.
Please send us your client information in the LPGP documents content format.
Example: '192/168/0/11/98'[2020-03-26 15:48:39] Client -> 123/34/67/108/105/101/110/116/34/58/34/116/101/115/116/101/34/44/34/80/114/111/112/114/105/101/116/97/114/121/34/58/34/49/50/34/44/34/84/111/107/101/110/34/58/34/54/52/52/53/52/34/44/34/68/116/34/58/34/50/48/50/48/45/48/51/45/50/51/32/49/51/58/48/50/58/51/49/34/125[2020-03-26 15:48:41] Server -> 1 Access: /client_normal[2020-03-26 15:49:06] Server -> Welcome to the LPGP official client authentication server.
Please send us your client information in the LPGP documents content format.
Example: '192/168/0/11/98'[2020-03-26 15:49:06] Client -> 123/34/67/108/105/101/110/116/34/58/34/116/101/115/116/101/34/44/34/80/114/111/112/114/105/101/116/97/114/121/34/58/34/49/50/34/44/34/84/111/107/101/110/34/58/34/54/52/52/53/52/34/44/34/68/116/34/58/34/50/48/50/48/45/48/51/45/50/51/32/49/51/58/48/50/58/51/49/34/125[2020-03-26 15:49:06] Server -> 1 Access: /client_normal[2020-03-26 16:09:27] Server -> Welcome to the LPGP official client authentication server.
Please send us your client information in the LPGP documents content format.
Example: '192/168/0/11/98'[2020-03-26 16:09:27] Client -> 123/34/67/108/105/101/110/116/34/58/34/116/101/115/116/101/34/44/34/80/114/111/112/114/105/101/116/97/114/121/34/58/34/49/50/34/44/34/84/111/107/101/110/34/58/34/54/52/52/53/52/34/44/34/68/116/34/58/34/50/48/50/48/45/48/51/45/50/51/32/49/51/58/48/50/58/51/49/34/125[2020-03-26 16:09:27] Server -> 1 Access: /client_normal[2020-03-26 23:19:46] Server -> Welcome to the LPGP official client authentication server.
Please send us your client information in the LPGP documents content format.
Example: '192/168/0/11/98'[2020-03-26 23:19:47] Client -> 123/34/67/108/105/101/110/116/34/58/34/116/101/115/116/101/34/44/34/80/114/111/112/114/105/101/116/97/114/121/34/58/34/49/50/34/44/34/84/111/107/101/110/34/58/34/54/52/52/53/52/34/44/34/68/116/34/58/34/50/48/50/48/45/48/51/45/50/51/32/49/51/58/48/50/58/51/49/34/125[2020-03-26 23:19:49] Server -> 1 Access: /client_normal[2020-03-26 23:42:58] Server -> Welcome to the LPGP official client authentication server.
Please send us your client information in the LPGP documents content format.
Example: '192/168/0/11/98'[2020-03-26 23:42:58] Client -> 123/34/67/108/105/101/110/116/34/58/34/116/101/115/116/101/34/44/34/80/114/111/112/114/105/101/116/97/114/121/34/58/34/49/50/34/44/34/84/111/107/101/110/34/58/34/54/52/52/53/52/34/44/34/68/116/34/58/34/50/48/50/48/45/48/51/45/50/51/32/49/51/58/48/50/58/51/49/34/125[2020-03-26 23:42:59] Server -> 1 Access: /client_normal
[2020-Mar-27 00:00:51] Closing socket.[2020-03-27 02:22:38] Server -> Welcome to the LPGP official client authentication server.
Please send us your client information in the LPGP documents content format.
Example: '192/168/0/11/98'[2020-03-27 02:22:38] Client -> 123/34/67/108/105/101/110/116/34/58/34/116/101/115/116/101/34/44/34/80/114/111/112/114/105/101/116/97/114/121/34/58/34/49/50/34/44/34/84/111/107/101/110/34/58/34/54/52/52/53/52/34/44/34/68/116/34/58/34/50/48/50/48/45/48/51/45/50/51/32/49/51/58/48/50/58/51/49/34/125[2020-03-27 02:22:40] Server -> 1 Access: /client_normal[2020-03-27 02:23:19] Server -> Welcome to the LPGP official client authentication server.
Please send us your client information in the LPGP documents content format.
Example: '192/168/0/11/98'[2020-03-27 02:23:19] Client -> 123/34/67/108/105/101/110/116/34/58/34/116/101/115/116/101/34/44/34/80/114/111/112/114/105/101/116/97/114/121/34/58/34/49/50/34/44/34/84/111/107/101/110/34/58/34/54/52/52/53/52/34/44/34/68/116/34/58/34/50/48/50/48/45/48/51/45/50/51/32/49/51/58/48/50/58/51/49/34/125[2020-03-27 02:23:20] Server -> 1 Access: /client_normal[2020-03-27 02:24:01] Server -> Welcome to the LPGP official client authentication server.
Please send us your client information in the LPGP documents content format.
Example: '192/168/0/11/98'[2020-03-27 02:24:01] Client -> 123/34/67/108/105/101/110/116/34/58/34/116/101/115/116/101/34/44/34/80/114/111/112/114/105/101/116/97/114/121/34/58/34/49/50/34/44/34/84/111/107/101/110/34/58/34/54/52/52/53/52/34/44/34/68/116/34/58/34/50/48/50/48/45/48/51/45/50/51/32/49/51/58/48/50/58/51/49/34/125[2020-03-27 02:24:02] Server -> 1 Access: /client_normal[2020-03-27 02:36:49] Server -> Welcome to the LPGP official client authentication server.
Please send us your client information in the LPGP documents content format.
Example: '192/168/0/11/98'[2020-03-27 02:36:49] Client -> 123/34/67/108/105/101/110/116/34/58/34/116/101/115/116/101/34/44/34/80/114/111/112/114/105/101/116/97/114/121/34/58/34/49/50/34/44/34/84/111/107/101/110/34/58/34/54/52/52/53/52/34/44/34/68/116/34/58/34/50/48/50/48/45/48/51/45/50/51/32/49/51/58/48/50/58/51/49/34/125[2020-03-27 02:36:50] Server -> 1 Access: /client_normal[2020-03-27 02:38:26] Server -> Welcome to the LPGP official client authentication server.
Please send us your client information in the LPGP documents content format.
Example: '192/168/0/11/98'[2020-03-27 02:38:26] Client -> 123/34/67/108/105/101/110/116/34/58/34/116/101/115/116/101/34/44/34/80/114/111/112/114/105/101/116/97/114/121/34/58/34/49/50/34/44/34/84/111/107/101/110/34/58/34/54/52/52/53/52/34/44/34/68/116/34/58/34/50/48/50/48/45/48/51/45/50/51/32/49/51/58/48/50/58/51/49/34/125[2020-03-27 02:38:26] Server -> 1 Access: /client_normal[2020-03-27 02:38:39] Server -> Welcome to the LPGP official client authentication server.
Please send us your client information in the LPGP documents content format.
Example: '192/168/0/11/98'[2020-03-27 02:38:39] Client -> 123/34/67/108/105/101/110/116/34/58/34/116/101/115/116/101/34/44/34/80/114/111/112/114/105/101/116/97/114/121/34/58/34/49/50/34/44/34/84/111/107/101/110/34/58/34/54/52/52/53/52/34/44/34/68/116/34/58/34/50/48/50/48/45/48/51/45/50/51/32/49/51/58/48/50/58/51/49/34/125[2020-03-27 02:38:39] Server -> 1 Access: /client_normal[2020-03-27 02:39:01] Server -> Welcome to the LPGP official client authentication server.
Please send us your client information in the LPGP documents content format.
Example: '192/168/0/11/98'[2020-03-27 02:39:01] Client -> 123/34/67/108/105/101/110/116/34/58/34/116/101/115/116/101/34/44/34/80/114/111/112/114/105/101/116/97/114/121/34/58/34/49/50/34/44/34/84/111/107/101/110/34/58/34/54/52/52/53/52/34/44/34/68/116/34/58/34/50/48/50/48/45/48/51/45/50/51/32/49/51/58/48/50/58/51/49/34/125[2020-03-27 02:39:03] Server -> 1 Access: /client_normal[2020-03-27 02:39:52] Server -> Welcome to the LPGP official client authentication server.
Please send us your client information in the LPGP documents content format.
Example: '192/168/0/11/98'[2020-03-27 02:39:52] Client -> 123/34/67/108/105/101/110/116/34/58/34/116/101/115/116/101/34/44/34/80/114/111/112/114/105/101/116/97/114/121/34/58/34/49/50/34/44/34/84/111/107/101/110/34/58/34/54/52/52/53/52/34/44/34/68/116/34/58/34/50/48/50/48/45/48/51/45/50/51/32/49/51/58/48/50/58/51/49/34/125[2020-03-27 02:39:53] Server -> 1 Access: /client_normal[2020-03-27 02:40:24] Server -> Welcome to the LPGP official client authentication server.
Please send us your client information in the LPGP documents content format.
Example: '192/168/0/11/98'[2020-03-27 02:40:24] Client -> 123/34/67/108/105/101/110/116/34/58/34/116/101/115/116/101/34/44/34/80/114/111/112/114/105/101/116/97/114/121/34/58/34/49/50/34/44/34/84/111/107/101/110/34/58/34/54/52/52/53/52/34/44/34/68/116/34/58/34/50/48/50/48/45/48/51/45/50/51/32/49/51/58/48/50/58/51/49/34/125[2020-03-27 02:40:24] Server -> 1 Access: /client_normal[2020-03-27 02:41:08] Server -> Welcome to the LPGP official client authentication server.
Please send us your client information in the LPGP documents content format.
Example: '192/168/0/11/98'[2020-03-27 02:41:08] Client -> 123/34/67/108/105/101/110/116/34/58/34/116/101/115/116/101/34/44/34/80/114/111/112/114/105/101/116/97/114/121/34/58/34/49/50/34/44/34/84/111/107/101/110/34/58/34/54/52/52/53/52/34/44/34/68/116/34/58/34/50/48/50/48/45/48/51/45/50/51/32/49/51/58/48/50/58/51/49/34/125[2020-03-27 02:41:09] Server -> 1 Access: /client_normal[2020-03-27 02:41:37] Server -> Welcome to the LPGP official client authentication server.
Please send us your client information in the LPGP documents content format.
Example: '192/168/0/11/98'[2020-03-27 02:41:37] Client -> 123/34/67/108/105/101/110/116/34/58/34/116/101/115/116/101/34/44/34/80/114/111/112/114/105/101/116/97/114/121/34/58/34/49/50/34/44/34/84/111/107/101/110/34/58/34/54/52/52/53/52/34/44/34/68/116/34/58/34/50/48/50/48/45/48/51/45/50/51/32/49/51/58/48/50/58/51/49/34/125[2020-03-27 02:41:38] Server -> 1 Access: /client_normal[2020-03-27 02:41:46] Server -> Welcome to the LPGP official client authentication server.
Please send us your client information in the LPGP documents content format.
Example: '192/168/0/11/98'[2020-03-27 02:41:46] Client -> 123/34/67/108/105/101/110/116/34/58/34/116/101/115/116/101/34/44/34/80/114/111/112/114/105/101/116/97/114/121/34/58/34/49/50/34/44/34/84/111/107/101/110/34/58/34/54/52/52/53/52/34/44/34/68/116/34/58/34/50/48/50/48/45/48/51/45/50/51/32/49/51/58/48/50/58/51/49/34/125[2020-03-27 02:41:46] Server -> 1 Access: /client_normal[2020-03-27 02:43:34] Server -> Welcome to the LPGP official client authentication server.
Please send us your client information in the LPGP documents content format.
Example: '192/168/0/11/98'[2020-03-27 02:43:34] Client -> 123/34/67/108/105/101/110/116/34/58/34/116/101/115/116/101/34/44/34/80/114/111/112/114/105/101/116/97/114/121/34/58/34/49/50/34/44/34/84/111/107/101/110/34/58/34/54/52/52/53/52/34/44/34/68/116/34/58/34/50/48/50/48/45/48/51/45/50/51/32/49/51/58/48/50/58/51/49/34/125[2020-03-27 02:43:35] Server -> 1 Access: /client_normal[2020-03-27 02:46:06] Server -> Welcome to the LPGP official client authentication server.
Please send us your client information in the LPGP documents content format.
Example: '192/168/0/11/98'[2020-03-27 02:46:06] Client -> 123/34/67/108/105/101/110/116/34/58/34/116/101/115/116/101/34/44/34/80/114/111/112/114/105/101/116/97/114/121/34/58/34/49/50/34/44/34/84/111/107/101/110/34/58/34/54/52/52/53/52/34/44/34/68/116/34/58/34/50/48/50/48/45/48/51/45/50/51/32/49/51/58/48/50/58/51/49/34/125[2020-03-27 02:46:07] Server -> 1 Access: /client_normal[2020-03-27 02:46:56] Server -> Welcome to the LPGP official client authentication server.
Please send us your client information in the LPGP documents content format.
Example: '192/168/0/11/98'[2020-03-27 02:46:56] Client -> 123/34/67/108/105/101/110/116/34/58/34/116/101/115/116/101/34/44/34/80/114/111/112/114/105/101/116/97/114/121/34/58/34/49/50/34/44/34/84/111/107/101/110/34/58/34/54/52/52/53/52/34/44/34/68/116/34/58/34/50/48/50/48/45/48/51/45/50/51/32/49/51/58/48/50/58/51/49/34/125[2020-03-27 02:46:57] Server -> 1 Access: /client_normal[2020-03-27 02:49:14] Server -> Welcome to the LPGP official client authentication server.
Please send us your client information in the LPGP documents content format.
Example: '192/168/0/11/98'[2020-03-27 02:49:14] Client -> 123/34/67/108/105/101/110/116/34/58/34/116/101/115/116/101/34/44/34/80/114/111/112/114/105/101/116/97/114/121/34/58/34/49/50/34/44/34/84/111/107/101/110/34/58/34/54/52/52/53/52/34/44/34/68/116/34/58/34/50/48/50/48/45/48/51/45/50/51/32/49/51/58/48/50/58/51/49/34/125[2020-03-27 02:49:14] Server -> 1 Access: /client_normal[2020-03-27 02:51:49] Server -> Welcome to the LPGP official client authentication server.
Please send us your client information in the LPGP documents content format.
Example: '192/168/0/11/98'[2020-03-27 02:51:49] Client -> 123/34/67/108/105/101/110/116/34/58/34/116/101/115/116/101/34/44/34/80/114/111/112/114/105/101/116/97/114/121/34/58/34/49/50/34/44/34/84/111/107/101/110/34/58/34/54/52/52/53/52/34/44/34/68/116/34/58/34/50/48/50/48/45/48/51/45/50/51/32/49/51/58/48/50/58/51/49/34/125[2020-03-27 02:51:50] Server -> 1 Access: /client_normal[2020-03-27 02:52:49] Server -> Welcome to the LPGP official client authentication server.
Please send us your client information in the LPGP documents content format.
Example: '192/168/0/11/98'[2020-03-27 02:52:49] Client -> 123/34/67/108/105/101/110/116/34/58/34/116/101/115/116/101/34/44/34/80/114/111/112/114/105/101/116/97/114/121/34/58/34/49/50/34/44/34/84/111/107/101/110/34/58/34/54/52/52/53/52/34/44/34/68/116/34/58/34/50/48/50/48/45/48/51/45/50/51/32/49/51/58/48/50/58/51/49/34/125[2020-03-27 02:52:50] Server -> 1 Access: /client_normal[2020-03-27 02:53:00] Server -> Welcome to the LPGP official client authentication server.
Please send us your client information in the LPGP documents content format.
Example: '192/168/0/11/98'[2020-03-27 02:53:00] Client -> 123/34/67/108/105/101/110/116/34/58/34/116/101/115/116/101/34/44/34/80/114/111/112/114/105/101/116/97/114/121/34/58/34/49/50/34/44/34/84/111/107/101/110/34/58/34/54/52/52/53/52/34/44/34/68/116/34/58/34/50/48/50/48/45/48/51/45/50/51/32/49/51/58/48/50/58/51/49/34/125[2020-03-27 02:53:01] Server -> 1 Access: /client_normal[2020-03-27 02:53:37] Server -> Welcome to the LPGP official client authentication server.
Please send us your client information in the LPGP documents content format.
Example: '192/168/0/11/98'[2020-03-27 02:53:37] Client -> 123/34/67/108/105/101/110/116/34/58/34/116/101/115/116/101/34/44/34/80/114/111/112/114/105/101/116/97/114/121/34/58/34/49/50/34/44/34/84/111/107/101/110/34/58/34/54/52/52/53/52/34/44/34/68/116/34/58/34/50/48/50/48/45/48/51/45/50/51/32/49/51/58/48/50/58/51/49/34/125[2020-03-27 02:53:37] Server -> 1 Access: /client_normal[2020-03-27 02:58:50] Server -> Welcome to the LPGP official client authentication server.
Please send us your client information in the LPGP documents content format.
Example: '192/168/0/11/98'[2020-03-27 02:58:50] Client -> 123/34/67/108/105/101/110/116/34/58/34/116/101/115/116/101/34/44/34/80/114/111/112/114/105/101/116/97/114/121/34/58/34/49/50/34/44/34/84/111/107/101/110/34/58/34/54/52/52/53/52/34/44/34/68/116/34/58/34/50/48/50/48/45/48/51/45/50/51/32/49/51/58/48/50/58/51/49/34/125[2020-03-27 02:58:51] Server -> 1 Access: client_normal/[2020-03-27 02:59:14] Server -> Welcome to the LPGP official client authentication server.
Please send us your client information in the LPGP documents content format.
Example: '192/168/0/11/98'[2020-03-27 02:59:21] Client -> 123/34/67/108/105/101/110/116/34/58/34/116/101/115/116/101/34/44/34/80/114/111/112/114/105/101/116/97/114/121/34/58/34/49/50/34/44/34/84/111/107/101/110/34/58/34/54/52/52/53/52/34/44/34/68/116/34/58/34/50/48/50/48/45/48/51/45/50/51/32/49/51/58/48/50/58/51/49/34/125[2020-03-27 02:59:22] Server -> 1 Access: client_normal/[2020-03-27 03:00:49] Server -> Welcome to the LPGP official client authentication server.
Please send us your client information in the LPGP documents content format.
Example: '192/168/0/11/98'[2020-03-27 03:00:49] Client -> 123/34/67/108/105/101/110/116/34/58/34/116/101/115/116/101/34/44/34/80/114/111/112/114/105/101/116/97/114/121/34/58/34/49/50/34/44/34/84/111/107/101/110/34/58/34/54/52/52/53/52/34/44/34/68/116/34/58/34/50/48/50/48/45/48/51/45/50/51/32/49/51/58/48/50/58/51/49/34/125[2020-03-27 03:00:49] Server -> 1 Access: client_normal/[2020-03-27 03:01:39] Server -> Welcome to the LPGP official client authentication server.
Please send us your client information in the LPGP documents content format.
Example: '192/168/0/11/98'[2020-03-27 03:01:39] Client -> 123/34/67/108/105/101/110/116/34/58/34/116/101/115/116/101/34/44/34/80/114/111/112/114/105/101/116/97/114/121/34/58/34/49/50/34/44/34/84/111/107/101/110/34/58/34/54/52/52/53/52/34/44/34/68/116/34/58/34/50/48/50/48/45/48/51/45/50/51/32/49/51/58/48/50/58/51/49/34/125[2020-03-27 03:01:40] Server -> 1 Access: client_normal/[2020-03-27 03:01:46] Server -> Welcome to the LPGP official client authentication server.
Please send us your client information in the LPGP documents content format.
Example: '192/168/0/11/98'[2020-03-27 03:01:48] Client -> 123/34/67/108/105/101/110/116/34/58/34/116/101/115/116/101/34/44/34/80/114/111/112/114/105/101/116/97/114/121/34/58/34/49/50/34/44/34/84/111/107/101/110/34/58/34/54/52/52/53/52/34/44/34/68/116/34/58/34/50/48/50/48/45/48/51/45/50/51/32/49/51/58/48/50/58/51/49/34/125[2020-03-27 03:01:48] Server -> 1 Access: client_normal/[2020-03-27 03:03:45] Server -> Welcome to the LPGP official client authentication server.
Please send us your client information in the LPGP documents content format.
Example: '192/168/0/11/98'[2020-03-27 03:03:47] Client -> 123/34/67/108/105/101/110/116/34/58/34/116/101/115/116/101/34/44/34/80/114/111/112/114/105/101/116/97/114/121/34/58/34/49/50/34/44/34/84/111/107/101/110/34/58/34/54/52/52/53/52/34/44/34/68/116/34/58/34/50/48/50/48/45/48/51/45/50/51/32/49/51/58/48/50/58/51/49/34/125[2020-03-27 03:03:47] Server -> 1/ Access: client_normal/[2020-03-27 03:04:18] Server -> Welcome to the LPGP official client authentication server.
Please send us your client information in the LPGP documents content format.
Example: '192/168/0/11/98'[2020-03-27 03:04:18] Client -> 123/34/67/108/105/101/110/116/34/58/34/116/101/115/116/101/34/44/34/80/114/111/112/114/105/101/116/97/114/121/34/58/34/49/50/34/44/34/84/111/107/101/110/34/58/34/54/52/52/53/52/34/44/34/68/116/34/58/34/50/48/50/48/45/48/51/45/50/51/32/49/51/58/48/50/58/51/49/34/125[2020-03-27 03:04:19] Server -> 1/ Access: client_normal/[2020-03-27 03:06:09] Server -> Welcome to the LPGP official client authentication server.
Please send us your client information in the LPGP documents content format.
Example: '192/168/0/11/98'[2020-03-27 03:06:09] Client -> 123/34/67/108/105/101/110/116/34/58/34/116/101/115/116/101/34/44/34/80/114/111/112/114/105/101/116/97/114/121/34/58/34/49/50/34/44/34/84/111/107/101/110/34/58/34/54/52/52/53/52/34/44/34/68/116/34/58/34/50/48/50/48/45/48/51/45/50/51/32/49/51/58/48/50/58/51/49/34/125[2020-03-27 03:06:10] Server -> 1/ Access: client_normal/[2020-03-27 03:06:16] Server -> Welcome to the LPGP official client authentication server.
Please send us your client information in the LPGP documents content format.
Example: '192/168/0/11/98'[2020-03-27 03:06:16] Client -> 123/34/67/108/105/101/110/116/34/58/34/116/101/115/116/101/34/44/34/80/114/111/112/114/105/101/116/97/114/121/34/58/34/49/50/34/44/34/84/111/107/101/110/34/58/34/54/52/52/53/52/34/44/34/68/116/34/58/34/50/48/50/48/45/48/51/45/50/51/32/49/51/58/48/50/58/51/49/34/125[2020-03-27 03:06:16] Server -> 1/ Access: client_normal/[2020-03-27 03:06:33] Server -> Welcome to the LPGP official client authentication server.
Please send us your client information in the LPGP documents content format.
Example: '192/168/0/11/98'[2020-03-27 03:06:33] Client -> 123/34/67/108/105/101/110/116/34/58/34/116/101/115/116/101/34/44/34/80/114/111/112/114/105/101/116/97/114/121/34/58/34/49/50/34/44/34/84/111/107/101/110/34/58/34/54/52/52/53/52/34/44/34/68/116/34/58/34/50/48/50/48/45/48/51/45/50/51/32/49/51/58/48/50/58/51/49/34/125[2020-03-27 03:06:34] Server -> 1/ Access: client_normal/[2020-03-27 03:07:50] Server -> Welcome to the LPGP official client authentication server.
Please send us your client information in the LPGP documents content format.
Example: '192/168/0/11/98'[2020-03-27 03:07:50] Client -> 123/34/67/108/105/101/110/116/34/58/34/116/101/115/116/101/34/44/34/80/114/111/112/114/105/101/116/97/114/121/34/58/34/49/50/34/44/34/84/111/107/101/110/34/58/34/54/52/52/53/52/34/44/34/68/116/34/58/34/50/48/50/48/45/48/51/45/50/51/32/49/51/58/48/50/58/51/49/34/125[2020-03-27 03:07:51] Server -> 1/client_normal/